{"/home/lfernando/db/desafio-franciley-rodrigues/src/caixa-da-lanchonete.js": {"path":"/home/lfernando/db/desafio-franciley-rodrigues/src/caixa-da-lanchonete.js","all":false,"statementMap":{"0":{"start":{"line":1,"column":0},"end":{"line":1,"column":24}},"1":{"start":{"line":2,"column":0},"end":{"line":2,"column":28}},"2":{"start":{"line":3,"column":0},"end":{"line":3,"column":32}},"3":{"start":{"line":4,"column":0},"end":{"line":4,"column":28}},"4":{"start":{"line":5,"column":0},"end":{"line":5,"column":33}},"5":{"start":{"line":6,"column":0},"end":{"line":6,"column":30}},"6":{"start":{"line":7,"column":0},"end":{"line":7,"column":30}},"7":{"start":{"line":8,"column":0},"end":{"line":8,"column":2}},"8":{"start":{"line":9,"column":0},"end":{"line":9,"column":0}},"9":{"start":{"line":10,"column":0},"end":{"line":10,"column":21}},"10":{"start":{"line":11,"column":0},"end":{"line":11,"column":44}},"11":{"start":{"line":12,"column":0},"end":{"line":12,"column":29}},"12":{"start":{"line":13,"column":0},"end":{"line":13,"column":50}},"13":{"start":{"line":14,"column":0},"end":{"line":14,"column":5}},"14":{"start":{"line":15,"column":0},"end":{"line":15,"column":0}},"15":{"start":{"line":16,"column":0},"end":{"line":16,"column":23}},"16":{"start":{"line":17,"column":0},"end":{"line":17,"column":85}},"17":{"start":{"line":18,"column":0},"end":{"line":18,"column":25}},"18":{"start":{"line":19,"column":0},"end":{"line":19,"column":5}},"19":{"start":{"line":20,"column":0},"end":{"line":20,"column":0}},"20":{"start":{"line":21,"column":0},"end":{"line":21,"column":17}},"21":{"start":{"line":22,"column":0},"end":{"line":22,"column":83}},"22":{"start":{"line":23,"column":0},"end":{"line":23,"column":25}},"23":{"start":{"line":24,"column":0},"end":{"line":24,"column":5}},"24":{"start":{"line":25,"column":0},"end":{"line":25,"column":0}},"25":{"start":{"line":26,"column":0},"end":{"line":26,"column":34}},"26":{"start":{"line":27,"column":0},"end":{"line":27,"column":22}},"27":{"start":{"line":28,"column":0},"end":{"line":28,"column":0}},"28":{"start":{"line":29,"column":0},"end":{"line":29,"column":36}},"29":{"start":{"line":30,"column":0},"end":{"line":30,"column":54}},"30":{"start":{"line":31,"column":0},"end":{"line":31,"column":51}},"31":{"start":{"line":32,"column":0},"end":{"line":32,"column":53}},"32":{"start":{"line":33,"column":0},"end":{"line":33,"column":68}},"33":{"start":{"line":34,"column":0},"end":{"line":34,"column":55}},"34":{"start":{"line":35,"column":0},"end":{"line":35,"column":30}},"35":{"start":{"line":36,"column":0},"end":{"line":36,"column":10}},"36":{"start":{"line":37,"column":0},"end":{"line":37,"column":21}},"37":{"start":{"line":38,"column":0},"end":{"line":38,"column":5}},"38":{"start":{"line":39,"column":0},"end":{"line":39,"column":0}},"39":{"start":{"line":40,"column":0},"end":{"line":40,"column":20}},"40":{"start":{"line":41,"column":0},"end":{"line":41,"column":76}},"41":{"start":{"line":42,"column":0},"end":{"line":42,"column":61}},"42":{"start":{"line":43,"column":0},"end":{"line":43,"column":58}},"43":{"start":{"line":44,"column":0},"end":{"line":44,"column":68}},"44":{"start":{"line":45,"column":0},"end":{"line":45,"column":38}},"45":{"start":{"line":46,"column":0},"end":{"line":46,"column":5}},"46":{"start":{"line":47,"column":0},"end":{"line":47,"column":0}},"47":{"start":{"line":48,"column":0},"end":{"line":48,"column":22}},"48":{"start":{"line":49,"column":0},"end":{"line":49,"column":76}},"49":{"start":{"line":50,"column":0},"end":{"line":50,"column":37}},"50":{"start":{"line":51,"column":0},"end":{"line":51,"column":86}},"51":{"start":{"line":52,"column":0},"end":{"line":52,"column":76}},"52":{"start":{"line":53,"column":0},"end":{"line":53,"column":57}},"53":{"start":{"line":54,"column":0},"end":{"line":54,"column":63}},"54":{"start":{"line":55,"column":0},"end":{"line":55,"column":68}},"55":{"start":{"line":56,"column":0},"end":{"line":56,"column":38}},"56":{"start":{"line":57,"column":0},"end":{"line":57,"column":5}},"57":{"start":{"line":58,"column":0},"end":{"line":58,"column":0}},"58":{"start":{"line":59,"column":0},"end":{"line":59,"column":21}},"59":{"start":{"line":60,"column":0},"end":{"line":60,"column":76}},"60":{"start":{"line":61,"column":0},"end":{"line":61,"column":38}},"61":{"start":{"line":62,"column":0},"end":{"line":62,"column":88}},"62":{"start":{"line":63,"column":0},"end":{"line":63,"column":86}},"63":{"start":{"line":64,"column":0},"end":{"line":64,"column":63}},"64":{"start":{"line":65,"column":0},"end":{"line":65,"column":68}},"65":{"start":{"line":66,"column":0},"end":{"line":66,"column":38}},"66":{"start":{"line":67,"column":0},"end":{"line":67,"column":5}},"67":{"start":{"line":68,"column":0},"end":{"line":68,"column":1}},"68":{"start":{"line":69,"column":0},"end":{"line":69,"column":0}},"69":{"start":{"line":70,"column":0},"end":{"line":70,"column":0}},"70":{"start":{"line":71,"column":0},"end":{"line":71,"column":0}},"71":{"start":{"line":72,"column":0},"end":{"line":72,"column":0}},"72":{"start":{"line":73,"column":0},"end":{"line":73,"column":25}},"73":{"start":{"line":74,"column":0},"end":{"line":74,"column":0}},"74":{"start":{"line":75,"column":0},"end":{"line":75,"column":53}},"75":{"start":{"line":76,"column":0},"end":{"line":76,"column":116}},"76":{"start":{"line":77,"column":0},"end":{"line":77,"column":50}},"77":{"start":{"line":78,"column":0},"end":{"line":78,"column":9}},"78":{"start":{"line":79,"column":0},"end":{"line":79,"column":0}},"79":{"start":{"line":80,"column":0},"end":{"line":80,"column":32}},"80":{"start":{"line":81,"column":0},"end":{"line":81,"column":57}},"81":{"start":{"line":82,"column":0},"end":{"line":82,"column":9}},"82":{"start":{"line":83,"column":0},"end":{"line":83,"column":0}},"83":{"start":{"line":84,"column":0},"end":{"line":84,"column":66}},"84":{"start":{"line":85,"column":0},"end":{"line":85,"column":73}},"85":{"start":{"line":86,"column":0},"end":{"line":86,"column":71}},"86":{"start":{"line":87,"column":0},"end":{"line":87,"column":83}},"87":{"start":{"line":88,"column":0},"end":{"line":88,"column":43}},"88":{"start":{"line":89,"column":0},"end":{"line":89,"column":9}},"89":{"start":{"line":90,"column":0},"end":{"line":90,"column":0}},"90":{"start":{"line":91,"column":0},"end":{"line":91,"column":68}},"91":{"start":{"line":92,"column":0},"end":{"line":92,"column":73}},"92":{"start":{"line":93,"column":0},"end":{"line":93,"column":71}},"93":{"start":{"line":94,"column":0},"end":{"line":94,"column":83}},"94":{"start":{"line":95,"column":0},"end":{"line":95,"column":45}},"95":{"start":{"line":96,"column":0},"end":{"line":96,"column":9}},"96":{"start":{"line":97,"column":0},"end":{"line":97,"column":0}},"97":{"start":{"line":98,"column":0},"end":{"line":98,"column":67}},"98":{"start":{"line":99,"column":0},"end":{"line":99,"column":73}},"99":{"start":{"line":100,"column":0},"end":{"line":100,"column":71}},"100":{"start":{"line":101,"column":0},"end":{"line":101,"column":83}},"101":{"start":{"line":102,"column":0},"end":{"line":102,"column":44}},"102":{"start":{"line":103,"column":0},"end":{"line":103,"column":9}},"103":{"start":{"line":104,"column":0},"end":{"line":104,"column":0}},"104":{"start":{"line":105,"column":0},"end":{"line":105,"column":5}},"105":{"start":{"line":106,"column":0},"end":{"line":106,"column":0}},"106":{"start":{"line":107,"column":0},"end":{"line":107,"column":1}},"107":{"start":{"line":108,"column":0},"end":{"line":108,"column":0}},"108":{"start":{"line":109,"column":0},"end":{"line":109,"column":40}},"109":{"start":{"line":110,"column":0},"end":{"line":110,"column":0}},"110":{"start":{"line":111,"column":0},"end":{"line":111,"column":81}},"111":{"start":{"line":112,"column":0},"end":{"line":112,"column":0}},"112":{"start":{"line":113,"column":0},"end":{"line":113,"column":29}}},"s":{"0":1,"1":1,"2":1,"3":1,"4":1,"5":1,"6":1,"7":1,"8":1,"9":1,"10":1,"11":15,"12":15,"13":15,"14":1,"15":1,"16":14,"17":14,"18":14,"19":1,"20":1,"21":15,"22":15,"23":15,"24":1,"25":1,"26":13,"27":13,"28":13,"29":25,"30":25,"31":25,"32":25,"33":25,"34":25,"35":13,"36":13,"37":13,"38":1,"39":1,"40":5,"41":5,"42":5,"43":5,"44":4,"45":4,"46":1,"47":1,"48":3,"49":3,"50":3,"51":3,"52":3,"53":3,"54":3,"55":3,"56":3,"57":1,"58":1,"59":5,"60":5,"61":5,"62":5,"63":5,"64":5,"65":5,"66":5,"67":1,"68":1,"69":1,"70":1,"71":1,"72":1,"73":1,"74":1,"75":19,"76":1,"77":1,"78":18,"79":19,"80":3,"81":3,"82":15,"83":19,"84":5,"85":5,"86":5,"87":5,"88":5,"89":10,"90":19,"91":4,"92":4,"93":4,"94":3,"95":3,"96":6,"97":19,"98":6,"99":6,"100":6,"101":5,"102":5,"103":19,"104":19,"105":1,"106":1,"107":1,"108":1,"109":1,"110":1,"111":1,"112":1},"branchMap":{"0":{"type":"branch","line":11,"loc":{"start":{"line":11,"column":4},"end":{"line":14,"column":5}},"locations":[{"start":{"line":11,"column":4},"end":{"line":14,"column":5}}]},"1":{"type":"branch","line":16,"loc":{"start":{"line":16,"column":4},"end":{"line":19,"column":5}},"locations":[{"start":{"line":16,"column":4},"end":{"line":19,"column":5}}]},"2":{"type":"branch","line":17,"loc":{"start":{"line":17,"column":46},"end":{"line":17,"column":84}},"locations":[{"start":{"line":17,"column":46},"end":{"line":17,"column":84}}]},"3":{"type":"branch","line":21,"loc":{"start":{"line":21,"column":4},"end":{"line":24,"column":5}},"locations":[{"start":{"line":21,"column":4},"end":{"line":24,"column":5}}]},"4":{"type":"branch","line":22,"loc":{"start":{"line":22,"column":45},"end":{"line":22,"column":82}},"locations":[{"start":{"line":22,"column":45},"end":{"line":22,"column":82}}]},"5":{"type":"branch","line":26,"loc":{"start":{"line":26,"column":4},"end":{"line":38,"column":5}},"locations":[{"start":{"line":26,"column":4},"end":{"line":38,"column":5}}]},"6":{"type":"branch","line":29,"loc":{"start":{"line":29,"column":29},"end":{"line":36,"column":9}},"locations":[{"start":{"line":29,"column":29},"end":{"line":36,"column":9}}]},"7":{"type":"branch","line":40,"loc":{"start":{"line":40,"column":4},"end":{"line":46,"column":5}},"locations":[{"start":{"line":40,"column":4},"end":{"line":46,"column":5}}]},"8":{"type":"branch","line":44,"loc":{"start":{"line":44,"column":39},"end":{"line":44,"column":68}},"locations":[{"start":{"line":44,"column":39},"end":{"line":44,"column":68}}]},"9":{"type":"branch","line":45,"loc":{"start":{"line":45,"column":-1},"end":{"line":46,"column":5}},"locations":[{"start":{"line":45,"column":-1},"end":{"line":46,"column":5}}]},"10":{"type":"branch","line":48,"loc":{"start":{"line":48,"column":4},"end":{"line":57,"column":5}},"locations":[{"start":{"line":48,"column":4},"end":{"line":57,"column":5}}]},"11":{"type":"branch","line":55,"loc":{"start":{"line":55,"column":39},"end":{"line":55,"column":68}},"locations":[{"start":{"line":55,"column":39},"end":{"line":55,"column":68}}]},"12":{"type":"branch","line":59,"loc":{"start":{"line":59,"column":4},"end":{"line":67,"column":5}},"locations":[{"start":{"line":59,"column":4},"end":{"line":67,"column":5}}]},"13":{"type":"branch","line":65,"loc":{"start":{"line":65,"column":39},"end":{"line":65,"column":68}},"locations":[{"start":{"line":65,"column":39},"end":{"line":65,"column":68}}]},"14":{"type":"branch","line":75,"loc":{"start":{"line":75,"column":4},"end":{"line":105,"column":5}},"locations":[{"start":{"line":75,"column":4},"end":{"line":105,"column":5}}]},"15":{"type":"branch","line":76,"loc":{"start":{"line":76,"column":42},"end":{"line":76,"column":77}},"locations":[{"start":{"line":76,"column":42},"end":{"line":76,"column":77}}]},"16":{"type":"branch","line":76,"loc":{"start":{"line":76,"column":77},"end":{"line":76,"column":113}},"locations":[{"start":{"line":76,"column":77},"end":{"line":76,"column":113}}]},"17":{"type":"branch","line":76,"loc":{"start":{"line":76,"column":115},"end":{"line":78,"column":9}},"locations":[{"start":{"line":76,"column":115},"end":{"line":78,"column":9}}]},"18":{"type":"branch","line":78,"loc":{"start":{"line":78,"column":8},"end":{"line":80,"column":31}},"locations":[{"start":{"line":78,"column":8},"end":{"line":80,"column":31}}]},"19":{"type":"branch","line":80,"loc":{"start":{"line":80,"column":31},"end":{"line":82,"column":9}},"locations":[{"start":{"line":80,"column":31},"end":{"line":82,"column":9}}]},"20":{"type":"branch","line":82,"loc":{"start":{"line":82,"column":8},"end":{"line":84,"column":63}},"locations":[{"start":{"line":82,"column":8},"end":{"line":84,"column":63}}]},"21":{"type":"branch","line":84,"loc":{"start":{"line":84,"column":65},"end":{"line":89,"column":9}},"locations":[{"start":{"line":84,"column":65},"end":{"line":89,"column":9}}]},"22":{"type":"branch","line":86,"loc":{"start":{"line":86,"column":48},"end":{"line":86,"column":71}},"locations":[{"start":{"line":86,"column":48},"end":{"line":86,"column":71}}]},"23":{"type":"branch","line":87,"loc":{"start":{"line":87,"column":54},"end":{"line":87,"column":83}},"locations":[{"start":{"line":87,"column":54},"end":{"line":87,"column":83}}]},"24":{"type":"branch","line":89,"loc":{"start":{"line":89,"column":8},"end":{"line":91,"column":65}},"locations":[{"start":{"line":89,"column":8},"end":{"line":91,"column":65}}]},"25":{"type":"branch","line":91,"loc":{"start":{"line":91,"column":67},"end":{"line":96,"column":9}},"locations":[{"start":{"line":91,"column":67},"end":{"line":96,"column":9}}]},"26":{"type":"branch","line":93,"loc":{"start":{"line":93,"column":48},"end":{"line":93,"column":71}},"locations":[{"start":{"line":93,"column":48},"end":{"line":93,"column":71}}]},"27":{"type":"branch","line":94,"loc":{"start":{"line":94,"column":54},"end":{"line":94,"column":83}},"locations":[{"start":{"line":94,"column":54},"end":{"line":94,"column":83}}]},"28":{"type":"branch","line":95,"loc":{"start":{"line":95,"column":-1},"end":{"line":96,"column":9}},"locations":[{"start":{"line":95,"column":-1},"end":{"line":96,"column":9}}]},"29":{"type":"branch","line":96,"loc":{"start":{"line":96,"column":8},"end":{"line":98,"column":64}},"locations":[{"start":{"line":96,"column":8},"end":{"line":98,"column":64}}]},"30":{"type":"branch","line":98,"loc":{"start":{"line":98,"column":66},"end":{"line":103,"column":9}},"locations":[{"start":{"line":98,"column":66},"end":{"line":103,"column":9}}]},"31":{"type":"branch","line":100,"loc":{"start":{"line":100,"column":48},"end":{"line":100,"column":71}},"locations":[{"start":{"line":100,"column":48},"end":{"line":100,"column":71}}]},"32":{"type":"branch","line":101,"loc":{"start":{"line":101,"column":-1},"end":{"line":101,"column":54}},"locations":[{"start":{"line":101,"column":-1},"end":{"line":101,"column":54}}]},"33":{"type":"branch","line":101,"loc":{"start":{"line":101,"column":54},"end":{"line":101,"column":83}},"locations":[{"start":{"line":101,"column":54},"end":{"line":101,"column":83}}]},"34":{"type":"branch","line":102,"loc":{"start":{"line":102,"column":-1},"end":{"line":103,"column":9}},"locations":[{"start":{"line":102,"column":-1},"end":{"line":103,"column":9}}]}},"b":{"0":[15],"1":[14],"2":[26],"3":[15],"4":[27],"5":[13],"6":[25],"7":[5],"8":[0],"9":[4],"10":[3],"11":[0],"12":[5],"13":[0],"14":[19],"15":[13],"16":[6],"17":[1],"18":[18],"19":[3],"20":[15],"21":[5],"22":[0],"23":[0],"24":[10],"25":[4],"26":[0],"27":[1],"28":[3],"29":[6],"30":[6],"31":[1],"32":[5],"33":[0],"34":[5]},"fnMap":{"0":{"name":"CompraSimples","decl":{"start":{"line":11,"column":4},"end":{"line":14,"column":5}},"loc":{"start":{"line":11,"column":4},"end":{"line":14,"column":5}},"line":11},"1":{"name":"checkQuantidade","decl":{"start":{"line":16,"column":4},"end":{"line":19,"column":5}},"loc":{"start":{"line":16,"column":4},"end":{"line":19,"column":5}},"line":16},"2":{"name":"checkItem","decl":{"start":{"line":21,"column":4},"end":{"line":24,"column":5}},"loc":{"start":{"line":21,"column":4},"end":{"line":24,"column":5}},"line":21},"3":{"name":"calculaItemVezesQuantidade","decl":{"start":{"line":26,"column":4},"end":{"line":38,"column":5}},"loc":{"start":{"line":26,"column":4},"end":{"line":38,"column":5}},"line":26},"4":{"name":"compraDebito","decl":{"start":{"line":40,"column":4},"end":{"line":46,"column":5}},"loc":{"start":{"line":40,"column":4},"end":{"line":46,"column":5}},"line":40},"5":{"name":"compraDinheiro","decl":{"start":{"line":48,"column":4},"end":{"line":57,"column":5}},"loc":{"start":{"line":48,"column":4},"end":{"line":57,"column":5}},"line":48},"6":{"name":"compraCredito","decl":{"start":{"line":59,"column":4},"end":{"line":67,"column":5}},"loc":{"start":{"line":59,"column":4},"end":{"line":67,"column":5}},"line":59},"7":{"name":"calcularValorDaCompra","decl":{"start":{"line":75,"column":4},"end":{"line":105,"column":5}},"loc":{"start":{"line":75,"column":4},"end":{"line":105,"column":5}},"line":75}},"f":{"0":15,"1":14,"2":15,"3":13,"4":5,"5":3,"6":5,"7":19}}
}
