{"/home/lfernando/db/desafio-franciley-rodrigues/src/caixa-da-lanchonete.js": {"path":"/home/lfernando/db/desafio-franciley-rodrigues/src/caixa-da-lanchonete.js","all":false,"statementMap":{"0":{"start":{"line":1,"column":0},"end":{"line":1,"column":24}},"1":{"start":{"line":2,"column":0},"end":{"line":2,"column":28}},"2":{"start":{"line":3,"column":0},"end":{"line":3,"column":32}},"3":{"start":{"line":4,"column":0},"end":{"line":4,"column":28}},"4":{"start":{"line":5,"column":0},"end":{"line":5,"column":33}},"5":{"start":{"line":6,"column":0},"end":{"line":6,"column":30}},"6":{"start":{"line":7,"column":0},"end":{"line":7,"column":30}},"7":{"start":{"line":8,"column":0},"end":{"line":8,"column":2}},"8":{"start":{"line":9,"column":0},"end":{"line":9,"column":0}},"9":{"start":{"line":10,"column":0},"end":{"line":10,"column":23}},"10":{"start":{"line":11,"column":0},"end":{"line":11,"column":44}},"11":{"start":{"line":12,"column":0},"end":{"line":12,"column":29}},"12":{"start":{"line":13,"column":0},"end":{"line":13,"column":50}},"13":{"start":{"line":14,"column":0},"end":{"line":14,"column":5}},"14":{"start":{"line":15,"column":0},"end":{"line":15,"column":0}},"15":{"start":{"line":16,"column":0},"end":{"line":16,"column":23}},"16":{"start":{"line":17,"column":0},"end":{"line":17,"column":85}},"17":{"start":{"line":18,"column":0},"end":{"line":18,"column":25}},"18":{"start":{"line":19,"column":0},"end":{"line":19,"column":5}},"19":{"start":{"line":20,"column":0},"end":{"line":20,"column":0}},"20":{"start":{"line":21,"column":0},"end":{"line":21,"column":17}},"21":{"start":{"line":22,"column":0},"end":{"line":22,"column":84}},"22":{"start":{"line":23,"column":0},"end":{"line":23,"column":25}},"23":{"start":{"line":24,"column":0},"end":{"line":24,"column":5}},"24":{"start":{"line":25,"column":0},"end":{"line":25,"column":0}},"25":{"start":{"line":26,"column":0},"end":{"line":26,"column":34}},"26":{"start":{"line":27,"column":0},"end":{"line":27,"column":22}},"27":{"start":{"line":28,"column":0},"end":{"line":28,"column":0}},"28":{"start":{"line":29,"column":0},"end":{"line":29,"column":36}},"29":{"start":{"line":30,"column":0},"end":{"line":30,"column":54}},"30":{"start":{"line":31,"column":0},"end":{"line":31,"column":51}},"31":{"start":{"line":32,"column":0},"end":{"line":32,"column":57}},"32":{"start":{"line":33,"column":0},"end":{"line":33,"column":72}},"33":{"start":{"line":34,"column":0},"end":{"line":34,"column":59}},"34":{"start":{"line":35,"column":0},"end":{"line":35,"column":34}},"35":{"start":{"line":36,"column":0},"end":{"line":36,"column":10}},"36":{"start":{"line":37,"column":0},"end":{"line":37,"column":21}},"37":{"start":{"line":38,"column":0},"end":{"line":38,"column":5}},"38":{"start":{"line":39,"column":0},"end":{"line":39,"column":0}},"39":{"start":{"line":40,"column":0},"end":{"line":40,"column":20}},"40":{"start":{"line":41,"column":0},"end":{"line":41,"column":76}},"41":{"start":{"line":42,"column":0},"end":{"line":42,"column":93}},"42":{"start":{"line":43,"column":0},"end":{"line":43,"column":61}},"43":{"start":{"line":44,"column":0},"end":{"line":44,"column":58}},"44":{"start":{"line":45,"column":0},"end":{"line":45,"column":68}},"45":{"start":{"line":46,"column":0},"end":{"line":46,"column":38}},"46":{"start":{"line":47,"column":0},"end":{"line":47,"column":5}},"47":{"start":{"line":48,"column":0},"end":{"line":48,"column":0}},"48":{"start":{"line":49,"column":0},"end":{"line":49,"column":22}},"49":{"start":{"line":50,"column":0},"end":{"line":50,"column":76}},"50":{"start":{"line":51,"column":0},"end":{"line":51,"column":93}},"51":{"start":{"line":52,"column":0},"end":{"line":52,"column":37}},"52":{"start":{"line":53,"column":0},"end":{"line":53,"column":86}},"53":{"start":{"line":54,"column":0},"end":{"line":54,"column":76}},"54":{"start":{"line":55,"column":0},"end":{"line":55,"column":57}},"55":{"start":{"line":56,"column":0},"end":{"line":56,"column":63}},"56":{"start":{"line":57,"column":0},"end":{"line":57,"column":68}},"57":{"start":{"line":58,"column":0},"end":{"line":58,"column":38}},"58":{"start":{"line":59,"column":0},"end":{"line":59,"column":5}},"59":{"start":{"line":60,"column":0},"end":{"line":60,"column":0}},"60":{"start":{"line":61,"column":0},"end":{"line":61,"column":21}},"61":{"start":{"line":62,"column":0},"end":{"line":62,"column":76}},"62":{"start":{"line":63,"column":0},"end":{"line":63,"column":93}},"63":{"start":{"line":64,"column":0},"end":{"line":64,"column":38}},"64":{"start":{"line":65,"column":0},"end":{"line":65,"column":88}},"65":{"start":{"line":66,"column":0},"end":{"line":66,"column":86}},"66":{"start":{"line":67,"column":0},"end":{"line":67,"column":63}},"67":{"start":{"line":68,"column":0},"end":{"line":68,"column":68}},"68":{"start":{"line":69,"column":0},"end":{"line":69,"column":38}},"69":{"start":{"line":70,"column":0},"end":{"line":70,"column":5}},"70":{"start":{"line":71,"column":0},"end":{"line":71,"column":1}},"71":{"start":{"line":72,"column":0},"end":{"line":72,"column":0}},"72":{"start":{"line":73,"column":0},"end":{"line":73,"column":0}},"73":{"start":{"line":74,"column":0},"end":{"line":74,"column":0}},"74":{"start":{"line":75,"column":0},"end":{"line":75,"column":0}},"75":{"start":{"line":76,"column":0},"end":{"line":76,"column":25}},"76":{"start":{"line":77,"column":0},"end":{"line":77,"column":0}},"77":{"start":{"line":78,"column":0},"end":{"line":78,"column":53}},"78":{"start":{"line":79,"column":0},"end":{"line":79,"column":116}},"79":{"start":{"line":80,"column":0},"end":{"line":80,"column":50}},"80":{"start":{"line":81,"column":0},"end":{"line":81,"column":9}},"81":{"start":{"line":82,"column":0},"end":{"line":82,"column":0}},"82":{"start":{"line":83,"column":0},"end":{"line":83,"column":32}},"83":{"start":{"line":84,"column":0},"end":{"line":84,"column":57}},"84":{"start":{"line":85,"column":0},"end":{"line":85,"column":9}},"85":{"start":{"line":86,"column":0},"end":{"line":86,"column":0}},"86":{"start":{"line":87,"column":0},"end":{"line":87,"column":66}},"87":{"start":{"line":88,"column":0},"end":{"line":88,"column":73}},"88":{"start":{"line":89,"column":0},"end":{"line":89,"column":71}},"89":{"start":{"line":90,"column":0},"end":{"line":90,"column":83}},"90":{"start":{"line":91,"column":0},"end":{"line":91,"column":43}},"91":{"start":{"line":92,"column":0},"end":{"line":92,"column":9}},"92":{"start":{"line":93,"column":0},"end":{"line":93,"column":0}},"93":{"start":{"line":94,"column":0},"end":{"line":94,"column":68}},"94":{"start":{"line":95,"column":0},"end":{"line":95,"column":73}},"95":{"start":{"line":96,"column":0},"end":{"line":96,"column":71}},"96":{"start":{"line":97,"column":0},"end":{"line":97,"column":83}},"97":{"start":{"line":98,"column":0},"end":{"line":98,"column":45}},"98":{"start":{"line":99,"column":0},"end":{"line":99,"column":9}},"99":{"start":{"line":100,"column":0},"end":{"line":100,"column":0}},"100":{"start":{"line":101,"column":0},"end":{"line":101,"column":67}},"101":{"start":{"line":102,"column":0},"end":{"line":102,"column":73}},"102":{"start":{"line":103,"column":0},"end":{"line":103,"column":71}},"103":{"start":{"line":104,"column":0},"end":{"line":104,"column":83}},"104":{"start":{"line":105,"column":0},"end":{"line":105,"column":44}},"105":{"start":{"line":106,"column":0},"end":{"line":106,"column":9}},"106":{"start":{"line":107,"column":0},"end":{"line":107,"column":0}},"107":{"start":{"line":108,"column":0},"end":{"line":108,"column":5}},"108":{"start":{"line":109,"column":0},"end":{"line":109,"column":0}},"109":{"start":{"line":110,"column":0},"end":{"line":110,"column":1}},"110":{"start":{"line":111,"column":0},"end":{"line":111,"column":0}},"111":{"start":{"line":112,"column":0},"end":{"line":112,"column":40}},"112":{"start":{"line":113,"column":0},"end":{"line":113,"column":0}},"113":{"start":{"line":114,"column":0},"end":{"line":114,"column":81}},"114":{"start":{"line":115,"column":0},"end":{"line":115,"column":0}},"115":{"start":{"line":116,"column":0},"end":{"line":116,"column":29}}},"s":{"0":1,"1":1,"2":1,"3":1,"4":1,"5":1,"6":1,"7":1,"8":1,"9":1,"10":1,"11":15,"12":15,"13":15,"14":1,"15":1,"16":14,"17":14,"18":14,"19":1,"20":1,"21":15,"22":15,"23":15,"24":1,"25":1,"26":13,"27":13,"28":13,"29":25,"30":25,"31":25,"32":25,"33":25,"34":25,"35":13,"36":13,"37":13,"38":1,"39":1,"40":5,"41":5,"42":4,"43":4,"44":5,"45":4,"46":4,"47":1,"48":1,"49":3,"50":3,"51":3,"52":3,"53":3,"54":3,"55":3,"56":3,"57":3,"58":3,"59":1,"60":1,"61":5,"62":5,"63":5,"64":5,"65":5,"66":5,"67":5,"68":5,"69":5,"70":1,"71":1,"72":1,"73":1,"74":1,"75":1,"76":1,"77":1,"78":19,"79":1,"80":1,"81":18,"82":19,"83":3,"84":3,"85":15,"86":19,"87":5,"88":5,"89":5,"90":5,"91":5,"92":10,"93":19,"94":4,"95":4,"96":4,"97":3,"98":3,"99":6,"100":19,"101":6,"102":6,"103":6,"104":5,"105":5,"106":19,"107":19,"108":1,"109":1,"110":1,"111":1,"112":1,"113":1,"114":1,"115":1},"branchMap":{"0":{"type":"branch","line":11,"loc":{"start":{"line":11,"column":4},"end":{"line":14,"column":5}},"locations":[{"start":{"line":11,"column":4},"end":{"line":14,"column":5}}]},"1":{"type":"branch","line":16,"loc":{"start":{"line":16,"column":4},"end":{"line":19,"column":5}},"locations":[{"start":{"line":16,"column":4},"end":{"line":19,"column":5}}]},"2":{"type":"branch","line":17,"loc":{"start":{"line":17,"column":46},"end":{"line":17,"column":84}},"locations":[{"start":{"line":17,"column":46},"end":{"line":17,"column":84}}]},"3":{"type":"branch","line":21,"loc":{"start":{"line":21,"column":4},"end":{"line":24,"column":5}},"locations":[{"start":{"line":21,"column":4},"end":{"line":24,"column":5}}]},"4":{"type":"branch","line":22,"loc":{"start":{"line":22,"column":45},"end":{"line":22,"column":82}},"locations":[{"start":{"line":22,"column":45},"end":{"line":22,"column":82}}]},"5":{"type":"branch","line":26,"loc":{"start":{"line":26,"column":4},"end":{"line":38,"column":5}},"locations":[{"start":{"line":26,"column":4},"end":{"line":38,"column":5}}]},"6":{"type":"branch","line":29,"loc":{"start":{"line":29,"column":29},"end":{"line":36,"column":9}},"locations":[{"start":{"line":29,"column":29},"end":{"line":36,"column":9}}]},"7":{"type":"branch","line":40,"loc":{"start":{"line":40,"column":4},"end":{"line":47,"column":5}},"locations":[{"start":{"line":40,"column":4},"end":{"line":47,"column":5}}]},"8":{"type":"branch","line":42,"loc":{"start":{"line":42,"column":59},"end":{"line":42,"column":93}},"locations":[{"start":{"line":42,"column":59},"end":{"line":42,"column":93}}]},"9":{"type":"branch","line":42,"loc":{"start":{"line":42,"column":92},"end":{"line":45,"column":39}},"locations":[{"start":{"line":42,"column":92},"end":{"line":45,"column":39}}]},"10":{"type":"branch","line":45,"loc":{"start":{"line":45,"column":39},"end":{"line":45,"column":68}},"locations":[{"start":{"line":45,"column":39},"end":{"line":45,"column":68}}]},"11":{"type":"branch","line":46,"loc":{"start":{"line":46,"column":-1},"end":{"line":47,"column":5}},"locations":[{"start":{"line":46,"column":-1},"end":{"line":47,"column":5}}]},"12":{"type":"branch","line":49,"loc":{"start":{"line":49,"column":4},"end":{"line":59,"column":5}},"locations":[{"start":{"line":49,"column":4},"end":{"line":59,"column":5}}]},"13":{"type":"branch","line":51,"loc":{"start":{"line":51,"column":59},"end":{"line":51,"column":93}},"locations":[{"start":{"line":51,"column":59},"end":{"line":51,"column":93}}]},"14":{"type":"branch","line":57,"loc":{"start":{"line":57,"column":39},"end":{"line":57,"column":68}},"locations":[{"start":{"line":57,"column":39},"end":{"line":57,"column":68}}]},"15":{"type":"branch","line":61,"loc":{"start":{"line":61,"column":4},"end":{"line":70,"column":5}},"locations":[{"start":{"line":61,"column":4},"end":{"line":70,"column":5}}]},"16":{"type":"branch","line":63,"loc":{"start":{"line":63,"column":59},"end":{"line":63,"column":93}},"locations":[{"start":{"line":63,"column":59},"end":{"line":63,"column":93}}]},"17":{"type":"branch","line":68,"loc":{"start":{"line":68,"column":39},"end":{"line":68,"column":68}},"locations":[{"start":{"line":68,"column":39},"end":{"line":68,"column":68}}]},"18":{"type":"branch","line":78,"loc":{"start":{"line":78,"column":4},"end":{"line":108,"column":5}},"locations":[{"start":{"line":78,"column":4},"end":{"line":108,"column":5}}]},"19":{"type":"branch","line":79,"loc":{"start":{"line":79,"column":42},"end":{"line":79,"column":77}},"locations":[{"start":{"line":79,"column":42},"end":{"line":79,"column":77}}]},"20":{"type":"branch","line":79,"loc":{"start":{"line":79,"column":77},"end":{"line":79,"column":113}},"locations":[{"start":{"line":79,"column":77},"end":{"line":79,"column":113}}]},"21":{"type":"branch","line":79,"loc":{"start":{"line":79,"column":115},"end":{"line":81,"column":9}},"locations":[{"start":{"line":79,"column":115},"end":{"line":81,"column":9}}]},"22":{"type":"branch","line":81,"loc":{"start":{"line":81,"column":8},"end":{"line":83,"column":31}},"locations":[{"start":{"line":81,"column":8},"end":{"line":83,"column":31}}]},"23":{"type":"branch","line":83,"loc":{"start":{"line":83,"column":31},"end":{"line":85,"column":9}},"locations":[{"start":{"line":83,"column":31},"end":{"line":85,"column":9}}]},"24":{"type":"branch","line":85,"loc":{"start":{"line":85,"column":8},"end":{"line":87,"column":63}},"locations":[{"start":{"line":85,"column":8},"end":{"line":87,"column":63}}]},"25":{"type":"branch","line":87,"loc":{"start":{"line":87,"column":65},"end":{"line":92,"column":9}},"locations":[{"start":{"line":87,"column":65},"end":{"line":92,"column":9}}]},"26":{"type":"branch","line":89,"loc":{"start":{"line":89,"column":48},"end":{"line":89,"column":71}},"locations":[{"start":{"line":89,"column":48},"end":{"line":89,"column":71}}]},"27":{"type":"branch","line":90,"loc":{"start":{"line":90,"column":54},"end":{"line":90,"column":83}},"locations":[{"start":{"line":90,"column":54},"end":{"line":90,"column":83}}]},"28":{"type":"branch","line":92,"loc":{"start":{"line":92,"column":8},"end":{"line":94,"column":65}},"locations":[{"start":{"line":92,"column":8},"end":{"line":94,"column":65}}]},"29":{"type":"branch","line":94,"loc":{"start":{"line":94,"column":67},"end":{"line":99,"column":9}},"locations":[{"start":{"line":94,"column":67},"end":{"line":99,"column":9}}]},"30":{"type":"branch","line":96,"loc":{"start":{"line":96,"column":48},"end":{"line":96,"column":71}},"locations":[{"start":{"line":96,"column":48},"end":{"line":96,"column":71}}]},"31":{"type":"branch","line":97,"loc":{"start":{"line":97,"column":54},"end":{"line":97,"column":83}},"locations":[{"start":{"line":97,"column":54},"end":{"line":97,"column":83}}]},"32":{"type":"branch","line":98,"loc":{"start":{"line":98,"column":-1},"end":{"line":99,"column":9}},"locations":[{"start":{"line":98,"column":-1},"end":{"line":99,"column":9}}]},"33":{"type":"branch","line":99,"loc":{"start":{"line":99,"column":8},"end":{"line":101,"column":64}},"locations":[{"start":{"line":99,"column":8},"end":{"line":101,"column":64}}]},"34":{"type":"branch","line":101,"loc":{"start":{"line":101,"column":66},"end":{"line":106,"column":9}},"locations":[{"start":{"line":101,"column":66},"end":{"line":106,"column":9}}]},"35":{"type":"branch","line":103,"loc":{"start":{"line":103,"column":48},"end":{"line":103,"column":71}},"locations":[{"start":{"line":103,"column":48},"end":{"line":103,"column":71}}]},"36":{"type":"branch","line":104,"loc":{"start":{"line":104,"column":-1},"end":{"line":104,"column":54}},"locations":[{"start":{"line":104,"column":-1},"end":{"line":104,"column":54}}]},"37":{"type":"branch","line":104,"loc":{"start":{"line":104,"column":54},"end":{"line":104,"column":83}},"locations":[{"start":{"line":104,"column":54},"end":{"line":104,"column":83}}]},"38":{"type":"branch","line":105,"loc":{"start":{"line":105,"column":-1},"end":{"line":106,"column":9}},"locations":[{"start":{"line":105,"column":-1},"end":{"line":106,"column":9}}]}},"b":{"0":[15],"1":[14],"2":[26],"3":[15],"4":[27],"5":[13],"6":[25],"7":[5],"8":[0],"9":[4],"10":[0],"11":[4],"12":[3],"13":[0],"14":[0],"15":[5],"16":[0],"17":[0],"18":[19],"19":[13],"20":[6],"21":[1],"22":[18],"23":[3],"24":[15],"25":[5],"26":[0],"27":[0],"28":[10],"29":[4],"30":[0],"31":[1],"32":[3],"33":[6],"34":[6],"35":[1],"36":[5],"37":[0],"38":[5]},"fnMap":{"0":{"name":"CompraSimples","decl":{"start":{"line":11,"column":4},"end":{"line":14,"column":5}},"loc":{"start":{"line":11,"column":4},"end":{"line":14,"column":5}},"line":11},"1":{"name":"checkQuantidade","decl":{"start":{"line":16,"column":4},"end":{"line":19,"column":5}},"loc":{"start":{"line":16,"column":4},"end":{"line":19,"column":5}},"line":16},"2":{"name":"checkItem","decl":{"start":{"line":21,"column":4},"end":{"line":24,"column":5}},"loc":{"start":{"line":21,"column":4},"end":{"line":24,"column":5}},"line":21},"3":{"name":"calculaItemVezesQuantidade","decl":{"start":{"line":26,"column":4},"end":{"line":38,"column":5}},"loc":{"start":{"line":26,"column":4},"end":{"line":38,"column":5}},"line":26},"4":{"name":"compraDebito","decl":{"start":{"line":40,"column":4},"end":{"line":47,"column":5}},"loc":{"start":{"line":40,"column":4},"end":{"line":47,"column":5}},"line":40},"5":{"name":"compraDinheiro","decl":{"start":{"line":49,"column":4},"end":{"line":59,"column":5}},"loc":{"start":{"line":49,"column":4},"end":{"line":59,"column":5}},"line":49},"6":{"name":"compraCredito","decl":{"start":{"line":61,"column":4},"end":{"line":70,"column":5}},"loc":{"start":{"line":61,"column":4},"end":{"line":70,"column":5}},"line":61},"7":{"name":"calcularValorDaCompra","decl":{"start":{"line":78,"column":4},"end":{"line":108,"column":5}},"loc":{"start":{"line":78,"column":4},"end":{"line":108,"column":5}},"line":78}},"f":{"0":15,"1":14,"2":15,"3":13,"4":5,"5":3,"6":5,"7":19}}
}
