TN:
SF:src/caixa-da-lanchonete.js
FN:11,CompraSimples
FN:21,compraDebito
FN:31,compraDinheiro
FN:45,compraCredito
FN:62,calcularValorDaCompra
FNF:5
FNH:5
FNDA:9,CompraSimples
FNDA:1,compraDebito
FNDA:4,compraDinheiro
FNDA:2,compraCredito
FNDA:20,calcularValorDaCompra
DA:1,1
DA:2,1
DA:3,1
DA:4,1
DA:5,1
DA:6,1
DA:7,1
DA:8,1
DA:9,1
DA:10,1
DA:11,1
DA:12,9
DA:13,9
DA:14,9
DA:15,9
DA:16,9
DA:17,9
DA:18,9
DA:19,9
DA:20,1
DA:21,1
DA:22,1
DA:23,1
DA:24,1
DA:25,0
DA:26,1
DA:27,1
DA:28,1
DA:29,1
DA:30,1
DA:31,1
DA:32,4
DA:33,4
DA:34,4
DA:35,4
DA:36,4
DA:37,4
DA:38,1
DA:39,4
DA:40,3
DA:41,3
DA:42,4
DA:43,4
DA:44,1
DA:45,1
DA:46,2
DA:47,2
DA:48,2
DA:49,2
DA:50,2
DA:51,0
DA:52,2
DA:53,2
DA:54,2
DA:55,2
DA:56,1
DA:57,1
DA:58,1
DA:59,1
DA:60,1
DA:61,1
DA:62,1
DA:63,20
DA:64,1
DA:65,1
DA:66,19
DA:67,20
DA:68,3
DA:69,3
DA:70,16
DA:71,20
DA:72,2
DA:73,2
DA:74,2
DA:75,14
DA:76,20
DA:77,4
DA:78,4
DA:79,4
DA:80,10
DA:81,20
DA:82,3
DA:83,3
DA:84,3
DA:85,20
DA:86,20
DA:87,1
DA:88,1
DA:89,1
DA:90,1
DA:91,1
DA:92,1
DA:93,1
DA:94,1
LF:94
LH:92
BRDA:11,0,0,9
BRDA:21,1,0,1
BRDA:24,2,0,0
BRDA:31,3,0,4
BRDA:37,4,0,1
BRDA:39,5,0,3
BRDA:45,6,0,2
BRDA:50,7,0,0
BRDA:62,8,0,20
BRDA:63,9,0,14
BRDA:63,10,0,7
BRDA:63,11,0,1
BRDA:65,12,0,19
BRDA:67,13,0,3
BRDA:69,14,0,16
BRDA:71,15,0,9
BRDA:71,16,0,2
BRDA:74,17,0,14
BRDA:76,18,0,7
BRDA:76,19,0,4
BRDA:79,20,0,10
BRDA:81,21,0,3
BRDA:81,22,0,3
BRF:23
BRH:21
end_of_record
