TN:
SF:src/caixa-da-lanchonete.js
FN:11,CompraSimples
FN:21,compraDebito
FN:27,compraDinheiro
FN:36,compraCredito
FN:49,calcularValorDaCompra
FNF:5
FNH:5
FNDA:8,CompraSimples
FNDA:1,compraDebito
FNDA:3,compraDinheiro
FNDA:2,compraCredito
FNDA:19,calcularValorDaCompra
DA:1,1
DA:2,1
DA:3,1
DA:4,1
DA:5,1
DA:6,1
DA:7,1
DA:8,1
DA:9,1
DA:10,1
DA:11,1
DA:12,8
DA:13,8
DA:14,8
DA:15,8
DA:16,8
DA:17,8
DA:18,8
DA:19,8
DA:20,1
DA:21,1
DA:22,1
DA:23,1
DA:24,1
DA:25,1
DA:26,1
DA:27,1
DA:28,3
DA:29,3
DA:30,3
DA:31,3
DA:32,3
DA:33,3
DA:34,3
DA:35,1
DA:36,1
DA:37,2
DA:38,2
DA:39,2
DA:40,2
DA:41,2
DA:42,2
DA:43,1
DA:44,1
DA:45,1
DA:46,1
DA:47,1
DA:48,1
DA:49,1
DA:50,19
DA:51,1
DA:52,1
DA:53,18
DA:54,19
DA:55,3
DA:56,3
DA:57,15
DA:58,19
DA:59,2
DA:60,2
DA:61,2
DA:62,13
DA:63,19
DA:64,3
DA:65,3
DA:66,3
DA:67,10
DA:68,19
DA:69,3
DA:70,3
DA:71,3
DA:72,19
DA:73,19
DA:74,1
DA:75,1
DA:76,1
DA:77,1
DA:78,1
DA:79,1
DA:80,1
DA:81,1
LF:81
LH:81
BRDA:11,0,0,8
BRDA:21,1,0,1
BRDA:27,2,0,3
BRDA:36,3,0,2
BRDA:49,4,0,19
BRDA:50,5,0,13
BRDA:50,6,0,6
BRDA:50,7,0,1
BRDA:52,8,0,18
BRDA:54,9,0,3
BRDA:56,10,0,15
BRDA:58,11,0,8
BRDA:58,12,0,2
BRDA:61,13,0,13
BRDA:63,14,0,6
BRDA:63,15,0,3
BRDA:66,16,0,10
BRDA:68,17,0,3
BRDA:68,18,0,3
BRF:19
BRH:19
end_of_record
